[2026-01-14T05:14:48.927Z] startCopySession
Type: DAILY
TimeConfig: {"mode":"24/7","start":"09:00","end":"17:00","copyMode":"FIXED"}
-------------------
[2026-01-14T05:34:56.541Z] startCopySession
Type: DAILY
TimeConfig: {"mode":"24/7","start":"09:00","end":"17:00","copyMode":"FIXED"}
-------------------
[2026-01-14T05:55:59.813Z] startCopySession
Type: DAILY
TimeConfig: {"mode":"24/7","start":"09:00","end":"17:00","copyMode":"FIXED"}
-------------------
[2026-01-14T06:06:35.459Z] startCopySession
Type: DAILY
TimeConfig: {"mode":"24/7","start":"09:00","end":"17:00","copyMode":"FIXED"}
-------------------
[2026-01-14T06:11:05.551Z] startCopySession
Type: DAILY
TimeConfig: {"mode":"24/7","start":"09:00","end":"17:00","copyMode":"FIXED"}
-------------------
[2026-01-14T06:20:30.781Z] startCopySession
Type: DAILY
TimeConfig: {"mode":"24/7","start":"09:00","end":"17:00","copyMode":"EQUITY"}
-------------------
[2026-01-14T06:26:59.719Z] startCopySession
Type: DAILY
TimeConfig: {"mode":"24/7","start":"09:00","end":"17:00","copyMode":"EQUITY"}
-------------------
[2026-01-14T06:29:14.885Z] startCopySession
Type: DAILY
TimeConfig: {"mode":"24/7","start":"09:00","end":"17:00","copyMode":"EQUITY"}
-------------------
[2026-01-14T06:34:58.764Z] startCopySession
Type: DAILY
TimeConfig: {"mode":"24/7","start":"09:00","end":"17:00","copyMode":"EQUITY"}
-------------------
[2026-01-14T06:50:01.391Z] startCopySession
Type: DAILY
TimeConfig: {"mode":"24/7","start":"09:00","end":"17:00","copyMode":"EQUITY"}
-------------------
[2026-01-14T07:43:06.882Z] startCopySession
Type: DAILY
TimeConfig: {"mode":"24/7","start":"09:00","end":"17:00","copyMode":"EQUITY"}
-------------------
[2026-01-14T08:05:06.672Z] startCopySession
Type: DAILY
TimeConfig: {"mode":"24/7","start":"09:00","end":"17:00","copyMode":"EQUITY"}
-------------------
[2026-01-14T08:16:26.806Z] startCopySession
Type: DAILY
TimeConfig: {"mode":"24/7","start":"09:00","end":"17:00","copyMode":"EQUITY"}
-------------------
[2026-01-14T08:31:02.018Z] startCopySession
Type: DAILY
TimeConfig: {"mode":"24/7","start":"09:00","end":"17:00","copyMode":"EQUITY"}
-------------------
[2026-01-14T08:32:18.205Z] startCopySession
Type: DAILY
TimeConfig: {"mode":"24/7","start":"09:00","end":"17:00","copyMode":"EQUITY"}
-------------------
[2026-01-14T08:33:43.158Z] startCopySession
Type: DAILY
TimeConfig: {"mode":"24/7","start":"09:00","end":"17:00","copyMode":"EQUITY"}
-------------------
[2026-01-14T08:39:29.742Z] startCopySession
Type: DAILY
TimeConfig: {"mode":"24/7","start":"09:00","end":"17:00","copyMode":"EQUITY"}
-------------------
[2026-01-14T08:43:36.800Z] startCopySession
Type: DAILY
TimeConfig: {"mode":"24/7","start":"09:00","end":"17:00","copyMode":"EQUITY"}
-------------------
[2026-01-14T08:58:38.873Z] startCopySession
Type: DAILY
TimeConfig: {"mode":"24/7","start":"09:00","end":"17:00","copyMode":"EQUITY"}
-------------------
[2026-01-14T09:55:03.370Z] startCopySession
Type: DAILY
TimeConfig: {"mode":"24/7","start":"09:00","end":"17:00","copyMode":"EQUITY"}
-------------------
[2026-01-14T10:16:39.244Z] startCopySession
Type: DAILY
TimeConfig: {"mode":"24/7","start":"09:00","end":"17:00","copyMode":"EQUITY"}
-------------------
[2026-01-14T10:46:24.345Z] startCopySession
Type: DAILY
TimeConfig: {"mode":"24/7","start":"09:00","end":"17:00","copyMode":"EQUITY"}
-------------------
[2026-01-15T06:41:00.612Z] startCopySession
Type: DAILY
TimeConfig: {"mode":"24/7","start":"09:00","end":"17:00","copyMode":"EQUITY"}
-------------------
[2026-01-15T06:46:16.770Z] startCopySession
Type: DAILY
TimeConfig: {"mode":"24/7","start":"09:00","end":"17:00","copyMode":"EQUITY"}
-------------------
[2026-01-15T06:46:45.326Z] startCopySession
Type: DAILY
TimeConfig: {"mode":"24/7","start":"09:00","end":"17:00","copyMode":"EQUITY"}
-------------------
[2026-01-15T06:48:03.456Z] startCopySession
Type: DAILY
TimeConfig: {"mode":"24/7","start":"09:00","end":"17:00","copyMode":"EQUITY"}
-------------------
[2026-01-15T06:48:45.052Z] startCopySession
Type: DAILY
TimeConfig: {"mode":"24/7","start":"09:00","end":"17:00","copyMode":"EQUITY"}
-------------------
[2026-01-15T08:30:58.769Z] startCopySession
Type: DAILY
TimeConfig: {"mode":"24/7","start":"09:00","end":"17:00","copyMode":"FIXED"}
-------------------
[2026-01-15T08:33:12.292Z] startCopySession
Type: DAILY
TimeConfig: {"mode":"24/7","start":"09:00","end":"17:00","copyMode":"FIXED"}
-------------------
[2026-01-15T08:36:06.702Z] startCopySession
Type: DAILY
TimeConfig: {"mode":"24/7","start":"09:00","end":"17:00","copyMode":"FIXED"}
-------------------
[2026-01-15T08:54:44.940Z] startCopySession
Type: DAILY
TimeConfig: {"mode":"24/7","start":"09:00","end":"17:00","copyMode":"FIXED"}
-------------------
[2026-01-15T09:37:07.370Z] startCopySession
Type: DAILY
TimeConfig: {"mode":"24/7","start":"09:00","end":"17:00","copyMode":"EQUITY"}
-------------------
[2026-01-15T09:44:45.928Z] startCopySession
Type: DAILY
TimeConfig: {"mode":"24/7","start":"09:00","end":"17:00","copyMode":"EQUITY"}
-------------------
[2026-01-18T04:35:49.932Z] startCopySession
Type: TRIAL_7DAY
TimeConfig: {"mode":"24/7","start":"09:00","end":"17:00","copyMode":"FIXED"}
-------------------
[2026-01-18T04:35:57.880Z] startCopySession
Type: DAILY
TimeConfig: {"mode":"24/7","start":"09:00","end":"17:00","copyMode":"FIXED"}
-------------------
[2026-01-18T04:36:09.219Z] startCopySession
Type: DAILY
TimeConfig: {"mode":"24/7","start":"09:00","end":"17:00","copyMode":"FIXED"}
-------------------
[2026-01-18T04:36:18.769Z] startCopySession
Type: DAILY
TimeConfig: {"mode":"24/7","start":"09:00","end":"17:00","copyMode":"FIXED"}
-------------------
